<?xml version="1.0" encoding="UTF-8"?>
<testsuite name="org.gradle.RobotTest" tests="1" skipped="0" failures="0" errors="0" timestamp="2015-01-06T11:36:48" hostname="r30006" time="0.001">
  <properties/>
  <testcase name="creationRobot" classname="org.gradle.RobotTest" time="0.001"/>
  <system-out><![CDATA[Robot
Je n'ai plus de batterie !
vie familier 30
vie familier 30
Je suis fatigue !
]]></system-out>
  <system-err><![CDATA[]]></system-err>
</testsuite>
