<?xml version="1.0" encoding="UTF-8"?>
<testsuite name="org.gradle.TestMenu" tests="1" skipped="0" failures="0" errors="0" timestamp="2015-01-06T11:36:48" hostname="r30006" time="0.002">
  <properties/>
  <testcase name="canConstructAPersonWithAName" classname="org.gradle.TestMenu" time="0.002"/>
  <system-out><![CDATA[]]></system-out>
  <system-err><![CDATA[]]></system-err>
</testsuite>
