<?xml version="1.0" encoding="UTF-8"?>
<testsuite name="org.gradle.TestFatique" tests="1" skipped="0" failures="0" errors="0" timestamp="2015-01-06T11:36:48" hostname="r30006" time="0.0">
  <properties/>
  <testcase name="createFatigue" classname="org.gradle.TestFatique" time="0.0"/>
  <system-out><![CDATA[Je suis fatigue !
]]></system-out>
  <system-err><![CDATA[]]></system-err>
</testsuite>
