<?xml version="1.0" encoding="UTF-8"?>
<testsuite name="org.gradle.TestFinBatterie" tests="1" skipped="0" failures="0" errors="0" timestamp="2015-01-06T11:36:48" hostname="r30006" time="0.028">
  <properties/>
  <testcase name="createFinBatterie" classname="org.gradle.TestFinBatterie" time="0.028"/>
  <system-out><![CDATA[Je n'ai plus de batterie !
]]></system-out>
  <system-err><![CDATA[]]></system-err>
</testsuite>
